<?xml version="1.0" encoding="UTF-8"?>
<!-- Generated by org.testng.reporters.JUnitReportReporter -->
<testsuite skipped="0" hostname="DESKTOP-8CGCULP" name="com.selenium.myntra.testcases.HomePageTest" tests="1" failures="0" timestamp="2020-03-19T17:50:46 IST" time="50.703" errors="0">
  <testcase name="homePage_test" time="50.703" classname="com.selenium.myntra.testcases.HomePageTest"/>
  <system-out/>
</testsuite> <!-- com.selenium.myntra.testcases.HomePageTest -->
