<?xml version="1.0" encoding="UTF-8"?>
<!-- Generated by org.testng.reporters.JUnitReportReporter -->
<testsuite hostname="admin1-LIVA-Z2V" failures="0" tests="3" name="com.selenium.datadriven.Facebook" time="71.120" errors="0" timestamp="2020-03-06T15:29:16 IST" skipped="0">
  <testcase classname="com.selenium.datadriven.Facebook" name="facebookLogin" time="14.167"/>
  <testcase classname="com.selenium.datadriven.Facebook" name="facebookLogin" time="31.331"/>
  <testcase classname="com.selenium.datadriven.Facebook" name="facebookLogin" time="25.622"/>
</testsuite> <!-- com.selenium.datadriven.Facebook -->
