<?xml version="1.0" encoding="UTF-8"?>
<!-- Generated by org.testng.reporters.JUnitReportReporter -->
<testsuite hostname="admin1-LIVA-Z2V" failures="0" tests="3" name="com.selenium.faceboo.testcases.HomePageTest" time="88.366" errors="0" timestamp="27 Feb 2020 12:18:53 GMT" skipped="0">
  <testcase classname="com.selenium.faceboo.testcases.HomePageTest" name="verify_profile_link" time="31.056"/>
  <testcase classname="com.selenium.faceboo.testcases.HomePageTest" name="verify_find_friends" time="27.223"/>
  <testcase classname="com.selenium.faceboo.testcases.HomePageTest" name="verify_home_page" time="30.087"/>
</testsuite> <!-- com.selenium.faceboo.testcases.HomePageTest -->
