<?xml version="1.0" encoding="UTF-8"?>
<!-- Generated by org.testng.reporters.JUnitReportReporter -->
<testsuite hostname="admin1-LIVA-Z2V" failures="0" tests="2" name="com.selenium.faceboo.testcases.LoginTest" time="26.337" errors="0" timestamp="06 Mar 2020 04:22:38 GMT" skipped="0">
  <testcase classname="com.selenium.faceboo.testcases.LoginTest" name="verifyLoginPageTest" time="12.558"/>
  <testcase classname="com.selenium.faceboo.testcases.LoginTest" name="loginTest" time="13.779"/>
</testsuite> <!-- com.selenium.faceboo.testcases.LoginTest -->
