<?xml version="1.0" encoding="UTF-8"?>
<!-- Generated by org.testng.reporters.JUnitReportReporter -->
<testsuite hostname="admin1-LIVA-Z2V" failures="0" tests="2" name="com.selenium.faceboo.testcases.LoginTest" time="38.165" errors="0" timestamp="27 Feb 2020 11:01:20 GMT" skipped="0">
  <testcase classname="com.selenium.faceboo.testcases.LoginTest" name="verifyLoginPageTest" time="18.271"/>
  <testcase classname="com.selenium.faceboo.testcases.LoginTest" name="loginTest" time="19.894"/>
</testsuite> <!-- com.selenium.faceboo.testcases.LoginTest -->
